# JRE version: Java(TM) SE Runtime Environment (8.0_11-b12) (build 1.8.0_11-b12)
# Java VM: Java HotSpot(TM) 64-Bit Server VM (25.11-b03 mixed mode windows-amd64 compressed oops)
Heap:
 PSYoungGen      total 111616K, used 64897K [0x00000000d5f00000, 0x00000000dda00000, 0x0000000100000000)
  eden space 99840K, 56% used [0x00000000d5f00000,0x00000000d961de30,0x00000000dc080000)
  from space 11776K, 71% used [0x00000000dcd00000,0x00000000dd542778,0x00000000dd880000)
  to   space 12800K, 0% used [0x00000000dc080000,0x00000000dc080000,0x00000000dcd00000)
 ParOldGen       total 44544K, used 34471K [0x0000000081c00000, 0x0000000084780000, 0x00000000d5f00000)
  object space 44544K, 77% used [0x0000000081c00000,0x0000000083da9e50,0x0000000084780000)
 Metaspace       used 57093K, capacity 57948K, committed 58112K, reserved 1099776K
  class space    used 6867K, capacity 7113K, committed 7168K, reserved 1048576K
GC Heap History (10 events):
Event: 23.641 GC heap before
{Heap before GC invocations=27 (full 3):
 PSYoungGen      total 103424K, used 90038K [0x00000000d5f00000, 0x00000000dd980000, 0x0000000100000000)
  eden space 89088K, 100% used [0x00000000d5f00000,0x00000000db600000,0x00000000db600000)
  from space 14336K, 6% used [0x00000000db600000,0x00000000db6ed918,0x00000000dc400000)
  to   space 14336K, 0% used [0x00000000dcb80000,0x00000000dcb80000,0x00000000dd980000)
 ParOldGen       total 44544K, used 34431K [0x0000000081c00000, 0x0000000084780000, 0x00000000d5f00000)
  object space 44544K, 77% used [0x0000000081c00000,0x0000000083d9fe50,0x0000000084780000)
 Metaspace       used 50872K, capacity 51596K, committed 51840K, reserved 1095680K
  class space    used 6328K, capacity 6528K, committed 6528K, reserved 1048576K
Event: 23.659 GC heap after
Heap after GC invocations=27 (full 3):
 PSYoungGen      total 105984K, used 4041K [0x00000000d5f00000, 0x00000000dd600000, 0x0000000100000000)
  eden space 95232K, 0% used [0x00000000d5f00000,0x00000000d5f00000,0x00000000dbc00000)
  from space 10752K, 37% used [0x00000000dcb80000,0x00000000dcf727f0,0x00000000dd600000)
  to   space 13312K, 0% used [0x00000000dbc00000,0x00000000dbc00000,0x00000000dc900000)
 ParOldGen       total 44544K, used 34439K [0x0000000081c00000, 0x0000000084780000, 0x00000000d5f00000)
  object space 44544K, 77% used [0x0000000081c00000,0x0000000083da1e50,0x0000000084780000)
 Metaspace       used 50872K, capacity 51596K, committed 51840K, reserved 1095680K
  class space    used 6328K, capacity 6528K, committed 6528K, reserved 1048576K
}
Event: 35.658 GC heap before
{Heap before GC invocations=28 (full 3):
 PSYoungGen      total 105984K, used 99273K [0x00000000d5f00000, 0x00000000dd600000, 0x0000000100000000)
  eden space 95232K, 100% used [0x00000000d5f00000,0x00000000dbc00000,0x00000000dbc00000)
  from space 10752K, 37% used [0x00000000dcb80000,0x00000000dcf727f0,0x00000000dd600000)
  to   space 13312K, 0% used [0x00000000dbc00000,0x00000000dbc00000,0x00000000dc900000)
 ParOldGen       total 44544K, used 34439K [0x0000000081c00000, 0x0000000084780000, 0x00000000d5f00000)
  object space 44544K, 77% used [0x0000000081c00000,0x0000000083da1e50,0x0000000084780000)
 Metaspace       used 52367K, capacity 53122K, committed 53632K, reserved 1095680K
  class space    used 6466K, capacity 6665K, committed 6784K, reserved 1048576K
Event: 35.663 GC heap after
Heap after GC invocations=28 (full 3):
 PSYoungGen      total 108544K, used 3907K [0x00000000d5f00000, 0x00000000dd900000, 0x0000000100000000)
  eden space 95232K, 0% used [0x00000000d5f00000,0x00000000d5f00000,0x00000000dbc00000)
  from space 13312K, 29% used [0x00000000dbc00000,0x00000000dbfd0e08,0x00000000dc900000)
  to   space 12800K, 0% used [0x00000000dcc80000,0x00000000dcc80000,0x00000000dd900000)
 ParOldGen       total 44544K, used 34447K [0x0000000081c00000, 0x0000000084780000, 0x00000000d5f00000)
  object space 44544K, 77% used [0x0000000081c00000,0x0000000083da3e50,0x0000000084780000)
 Metaspace       used 52367K, capacity 53122K, committed 53632K, reserved 1095680K
  class space    used 6466K, capacity 6665K, committed 6784K, reserved 1048576K
}
Event: 50.683 GC heap before
{Heap before GC invocations=29 (full 3):
 PSYoungGen      total 108544K, used 99139K [0x00000000d5f00000, 0x00000000dd900000, 0x0000000100000000)
  eden space 95232K, 100% used [0x00000000d5f00000,0x00000000dbc00000,0x00000000dbc00000)
  from space 13312K, 29% used [0x00000000dbc00000,0x00000000dbfd0e08,0x00000000dc900000)
  to   space 12800K, 0% used [0x00000000dcc80000,0x00000000dcc80000,0x00000000dd900000)
 ParOldGen       total 44544K, used 34447K [0x0000000081c00000, 0x0000000084780000, 0x00000000d5f00000)
  object space 44544K, 77% used [0x0000000081c00000,0x0000000083da3e50,0x0000000084780000)
 Metaspace       used 52502K, capacity 53276K, committed 53632K, reserved 1095680K
  class space    used 6474K, capacity 6680K, committed 6784K, reserved 1048576K
Event: 50.687 GC heap after
Heap after GC invocations=29 (full 3):
 PSYoungGen      total 109056K, used 3433K [0x00000000d5f00000, 0x00000000dd700000, 0x0000000100000000)
  eden space 98304K, 0% used [0x00000000d5f00000,0x00000000d5f00000,0x00000000dbf00000)
  from space 10752K, 31% used [0x00000000dcc80000,0x00000000dcfda5e0,0x00000000dd700000)
  to   space 12288K, 0% used [0x00000000dbf00000,0x00000000dbf00000,0x00000000dcb00000)
 ParOldGen       total 44544K, used 34455K [0x0000000081c00000, 0x0000000084780000, 0x00000000d5f00000)
  object space 44544K, 77% used [0x0000000081c00000,0x0000000083da5e50,0x0000000084780000)
 Metaspace       used 52502K, capacity 53276K, committed 53632K, reserved 1095680K
  class space    used 6474K, capacity 6680K, committed 6784K, reserved 1048576K
}
Event: 214.988 GC heap before
{Heap before GC invocations=30 (full 3):
 PSYoungGen      total 109056K, used 101737K [0x00000000d5f00000, 0x00000000dd700000, 0x0000000100000000)
  eden space 98304K, 100% used [0x00000000d5f00000,0x00000000dbf00000,0x00000000dbf00000)
  from space 10752K, 31% used [0x00000000dcc80000,0x00000000dcfda5e0,0x00000000dd700000)
  to   space 12288K, 0% used [0x00000000dbf00000,0x00000000dbf00000,0x00000000dcb00000)
 ParOldGen       total 44544K, used 34455K [0x0000000081c00000, 0x0000000084780000, 0x00000000d5f00000)
  object space 44544K, 77% used [0x0000000081c00000,0x0000000083da5e50,0x0000000084780000)
 Metaspace       used 53056K, capacity 53912K, committed 54144K, reserved 1097728K
  class space    used 6535K, capacity 6782K, committed 6784K, reserved 1048576K
Event: 214.993 GC heap after
Heap after GC invocations=30 (full 3):
 PSYoungGen      total 110592K, used 4316K [0x00000000d5f00000, 0x00000000dd880000, 0x0000000100000000)
  eden space 98304K, 0% used [0x00000000d5f00000,0x00000000d5f00000,0x00000000dbf00000)
  from space 12288K, 35% used [0x00000000dbf00000,0x00000000dc3372b0,0x00000000dcb00000)
  to   space 11776K, 0% used [0x00000000dcd00000,0x00000000dcd00000,0x00000000dd880000)
 ParOldGen       total 44544K, used 34463K [0x0000000081c00000, 0x0000000084780000, 0x00000000d5f00000)
  object space 44544K, 77% used [0x0000000081c00000,0x0000000083da7e50,0x0000000084780000)
 Metaspace       used 53056K, capacity 53912K, committed 54144K, reserved 1097728K
  class space    used 6535K, capacity 6782K, committed 6784K, reserved 1048576K
}
Event: 230.371 GC heap before
{Heap before GC invocations=31 (full 3):
 PSYoungGen      total 110592K, used 102620K [0x00000000d5f00000, 0x00000000dd880000, 0x0000000100000000)
  eden space 98304K, 100% used [0x00000000d5f00000,0x00000000dbf00000,0x00000000dbf00000)
  from space 12288K, 35% used [0x00000000dbf00000,0x00000000dc3372b0,0x00000000dcb00000)
  to   space 11776K, 0% used [0x00000000dcd00000,0x00000000dcd00000,0x00000000dd880000)
 ParOldGen       total 44544K, used 34463K [0x0000000081c00000, 0x0000000084780000, 0x00000000d5f00000)
  object space 44544K, 77% used [0x0000000081c00000,0x0000000083da7e50,0x0000000084780000)
 Metaspace       used 57059K, capacity 57936K, committed 58112K, reserved 1099776K
  class space    used 6865K, capacity 7111K, committed 7168K, reserved 1048576K
Event: 230.384 GC heap after
Heap after GC invocations=31 (full 3):
 PSYoungGen      total 111616K, used 8457K [0x00000000d5f00000, 0x00000000dda00000, 0x0000000100000000)
  eden space 99840K, 0% used [0x00000000d5f00000,0x00000000d5f00000,0x00000000dc080000)
  from space 11776K, 71% used [0x00000000dcd00000,0x00000000dd542778,0x00000000dd880000)
  to   space 12800K, 0% used [0x00000000dc080000,0x00000000dc080000,0x00000000dcd00000)
 ParOldGen       total 44544K, used 34471K [0x0000000081c00000, 0x0000000084780000, 0x00000000d5f00000)
  object space 44544K, 77% used [0x0000000081c00000,0x0000000083da9e50,0x0000000084780000)
 Metaspace       used 57059K, capacity 57936K, committed 58112K, reserved 1099776K
  class space    used 6865K, capacity 7111K, committed 7168K, reserved 1048576K
}

