# JRE version: Java(TM) SE Runtime Environment (8.0_11-b12) (build 1.8.0_11-b12)
# Java VM: Java HotSpot(TM) 64-Bit Server VM (25.11-b03 mixed mode windows-amd64 compressed oops)
Heap:
 PSYoungGen      total 14336K, used 8637K [0x00000000d5f00000, 0x00000000d7180000, 0x0000000100000000)
  eden space 13824K, 59% used [0x00000000d5f00000,0x00000000d6717508,0x00000000d6c80000)
  from space 512K, 68% used [0x00000000d7100000,0x00000000d7158000,0x00000000d7180000)
  to   space 512K, 0% used [0x00000000d7080000,0x00000000d7080000,0x00000000d7100000)
 ParOldGen       total 45568K, used 42264K [0x0000000081c00000, 0x0000000084880000, 0x00000000d5f00000)
  object space 45568K, 92% used [0x0000000081c00000,0x0000000084546288,0x0000000084880000)
 Metaspace       used 58147K, capacity 58992K, committed 59336K, reserved 1101824K
  class space    used 6813K, capacity 7046K, committed 7168K, reserved 1048576K
GC Heap History (10 events):
Event: 1374.989 GC heap before
{Heap before GC invocations=345 (full 3):
 PSYoungGen      total 13312K, used 13056K [0x00000000d5f00000, 0x00000000d7180000, 0x0000000100000000)
  eden space 12800K, 100% used [0x00000000d5f00000,0x00000000d6b80000,0x00000000d6b80000)
  from space 512K, 50% used [0x00000000d7080000,0x00000000d70c0000,0x00000000d7100000)
  to   space 512K, 0% used [0x00000000d7100000,0x00000000d7100000,0x00000000d7180000)
 ParOldGen       total 45568K, used 42115K [0x0000000081c00000, 0x0000000084880000, 0x00000000d5f00000)
  object space 45568K, 92% used [0x0000000081c00000,0x0000000084520d98,0x0000000084880000)
 Metaspace       used 58126K, capacity 58982K, committed 59336K, reserved 1101824K
  class space    used 6810K, capacity 7044K, committed 7168K, reserved 1048576K
Event: 1374.991 GC heap after
Heap after GC invocations=345 (full 3):
 PSYoungGen      total 13312K, used 128K [0x00000000d5f00000, 0x00000000d7180000, 0x0000000100000000)
  eden space 12800K, 0% used [0x00000000d5f00000,0x00000000d5f00000,0x00000000d6b80000)
  from space 512K, 25% used [0x00000000d7100000,0x00000000d7120000,0x00000000d7180000)
  to   space 512K, 0% used [0x00000000d7080000,0x00000000d7080000,0x00000000d7100000)
 ParOldGen       total 45568K, used 42240K [0x0000000081c00000, 0x0000000084880000, 0x00000000d5f00000)
  object space 45568K, 92% used [0x0000000081c00000,0x0000000084540288,0x0000000084880000)
 Metaspace       used 58126K, capacity 58982K, committed 59336K, reserved 1101824K
  class space    used 6810K, capacity 7044K, committed 7168K, reserved 1048576K
}
Event: 1377.984 GC heap before
{Heap before GC invocations=346 (full 3):
 PSYoungGen      total 13312K, used 12928K [0x00000000d5f00000, 0x00000000d7180000, 0x0000000100000000)
  eden space 12800K, 100% used [0x00000000d5f00000,0x00000000d6b80000,0x00000000d6b80000)
  from space 512K, 25% used [0x00000000d7100000,0x00000000d7120000,0x00000000d7180000)
  to   space 512K, 0% used [0x00000000d7080000,0x00000000d7080000,0x00000000d7100000)
 ParOldGen       total 45568K, used 42240K [0x0000000081c00000, 0x0000000084880000, 0x00000000d5f00000)
  object space 45568K, 92% used [0x0000000081c00000,0x0000000084540288,0x0000000084880000)
 Metaspace       used 58126K, capacity 58982K, committed 59336K, reserved 1101824K
  class space    used 6810K, capacity 7044K, committed 7168K, reserved 1048576K
Event: 1377.986 GC heap after
Heap after GC invocations=346 (full 3):
 PSYoungGen      total 13312K, used 128K [0x00000000d5f00000, 0x00000000d7180000, 0x0000000100000000)
  eden space 12800K, 0% used [0x00000000d5f00000,0x00000000d5f00000,0x00000000d6b80000)
  from space 512K, 25% used [0x00000000d7080000,0x00000000d70a0000,0x00000000d7100000)
  to   space 512K, 0% used [0x00000000d7100000,0x00000000d7100000,0x00000000d7180000)
 ParOldGen       total 45568K, used 42248K [0x0000000081c00000, 0x0000000084880000, 0x00000000d5f00000)
  object space 45568K, 92% used [0x0000000081c00000,0x0000000084542288,0x0000000084880000)
 Metaspace       used 58126K, capacity 58982K, committed 59336K, reserved 1101824K
  class space    used 6810K, capacity 7044K, committed 7168K, reserved 1048576K
}
Event: 1378.656 GC heap before
{Heap before GC invocations=347 (full 3):
 PSYoungGen      total 13312K, used 12928K [0x00000000d5f00000, 0x00000000d7180000, 0x0000000100000000)
  eden space 12800K, 100% used [0x00000000d5f00000,0x00000000d6b80000,0x00000000d6b80000)
  from space 512K, 25% used [0x00000000d7080000,0x00000000d70a0000,0x00000000d7100000)
  to   space 512K, 0% used [0x00000000d7100000,0x00000000d7100000,0x00000000d7180000)
 ParOldGen       total 45568K, used 42248K [0x0000000081c00000, 0x0000000084880000, 0x00000000d5f00000)
  object space 45568K, 92% used [0x0000000081c00000,0x0000000084542288,0x0000000084880000)
 Metaspace       used 58137K, capacity 58992K, committed 59336K, reserved 1101824K
  class space    used 6811K, capacity 7046K, committed 7168K, reserved 1048576K
Event: 1378.659 GC heap after
Heap after GC invocations=347 (full 3):
 PSYoungGen      total 13312K, used 224K [0x00000000d5f00000, 0x00000000d7180000, 0x0000000100000000)
  eden space 12800K, 0% used [0x00000000d5f00000,0x00000000d5f00000,0x00000000d6b80000)
  from space 512K, 43% used [0x00000000d7100000,0x00000000d7138000,0x00000000d7180000)
  to   space 512K, 0% used [0x00000000d7080000,0x00000000d7080000,0x00000000d7100000)
 ParOldGen       total 45568K, used 42264K [0x0000000081c00000, 0x0000000084880000, 0x00000000d5f00000)
  object space 45568K, 92% used [0x0000000081c00000,0x0000000084546288,0x0000000084880000)
 Metaspace       used 58137K, capacity 58992K, committed 59336K, reserved 1101824K
  class space    used 6811K, capacity 7046K, committed 7168K, reserved 1048576K
}
Event: 1378.772 GC heap before
{Heap before GC invocations=348 (full 3):
 PSYoungGen      total 13312K, used 13024K [0x00000000d5f00000, 0x00000000d7180000, 0x0000000100000000)
  eden space 12800K, 100% used [0x00000000d5f00000,0x00000000d6b80000,0x00000000d6b80000)
  from space 512K, 43% used [0x00000000d7100000,0x00000000d7138000,0x00000000d7180000)
  to   space 512K, 0% used [0x00000000d7080000,0x00000000d7080000,0x00000000d7100000)
 ParOldGen       total 45568K, used 42264K [0x0000000081c00000, 0x0000000084880000, 0x00000000d5f00000)
  object space 45568K, 92% used [0x0000000081c00000,0x0000000084546288,0x0000000084880000)
 Metaspace       used 58146K, capacity 58992K, committed 59336K, reserved 1101824K
  class space    used 6812K, capacity 7046K, committed 7168K, reserved 1048576K
Event: 1378.774 GC heap after
Heap after GC invocations=348 (full 3):
 PSYoungGen      total 13312K, used 352K [0x00000000d5f00000, 0x00000000d7180000, 0x0000000100000000)
  eden space 12800K, 0% used [0x00000000d5f00000,0x00000000d5f00000,0x00000000d6b80000)
  from space 512K, 68% used [0x00000000d7080000,0x00000000d70d8000,0x00000000d7100000)
  to   space 512K, 0% used [0x00000000d7100000,0x00000000d7100000,0x00000000d7180000)
 ParOldGen       total 45568K, used 42264K [0x0000000081c00000, 0x0000000084880000, 0x00000000d5f00000)
  object space 45568K, 92% used [0x0000000081c00000,0x0000000084546288,0x0000000084880000)
 Metaspace       used 58146K, capacity 58992K, committed 59336K, reserved 1101824K
  class space    used 6812K, capacity 7046K, committed 7168K, reserved 1048576K
}
Event: 1378.815 GC heap before
{Heap before GC invocations=349 (full 3):
 PSYoungGen      total 13312K, used 13152K [0x00000000d5f00000, 0x00000000d7180000, 0x0000000100000000)
  eden space 12800K, 100% used [0x00000000d5f00000,0x00000000d6b80000,0x00000000d6b80000)
  from space 512K, 68% used [0x00000000d7080000,0x00000000d70d8000,0x00000000d7100000)
  to   space 512K, 0% used [0x00000000d7100000,0x00000000d7100000,0x00000000d7180000)
 ParOldGen       total 45568K, used 42264K [0x0000000081c00000, 0x0000000084880000, 0x00000000d5f00000)
  object space 45568K, 92% used [0x0000000081c00000,0x0000000084546288,0x0000000084880000)
 Metaspace       used 58146K, capacity 58992K, committed 59336K, reserved 1101824K
  class space    used 6812K, capacity 7046K, committed 7168K, reserved 1048576K
Event: 1378.818 GC heap after
Heap after GC invocations=349 (full 3):
 PSYoungGen      total 14336K, used 352K [0x00000000d5f00000, 0x00000000d7180000, 0x0000000100000000)
  eden space 13824K, 0% used [0x00000000d5f00000,0x00000000d5f00000,0x00000000d6c80000)
  from space 512K, 68% used [0x00000000d7100000,0x00000000d7158000,0x00000000d7180000)
  to   space 512K, 0% used [0x00000000d7080000,0x00000000d7080000,0x00000000d7100000)
 ParOldGen       total 45568K, used 42264K [0x0000000081c00000, 0x0000000084880000, 0x00000000d5f00000)
  object space 45568K, 92% used [0x0000000081c00000,0x0000000084546288,0x0000000084880000)
 Metaspace       used 58146K, capacity 58992K, committed 59336K, reserved 1101824K
  class space    used 6812K, capacity 7046K, committed 7168K, reserved 1048576K
}

